# JRE version: OpenJDK Runtime Environment 18.9 (11.0.15+10) (build 11.0.15+10)
# Java VM: OpenJDK 64-Bit Server VM 18.9 (11.0.15+10, mixed mode, tiered, compressed oops, g1 gc, windows-amd64)
Heap:
 garbage-first heap   total 382976K, used 317815K [0x0000000080000000, 0x0000000100000000)
  region size 1024K, 39 young (39936K), 2 survivors (2048K)
 Metaspace       used 177434K, capacity 184130K, committed 184400K, reserved 677888K
  class space    used 21564K, capacity 24048K, committed 24064K, reserved 516096K
GC Heap History (20 events):
Event: 1308.594 GC heap before
{Heap before GC invocations=286 (full 0):
 garbage-first heap   total 382976K, used 313856K [0x0000000080000000, 0x0000000100000000)
  region size 1024K, 58 young (59392K), 5 survivors (5120K)
 Metaspace       used 163183K, capacity 169218K, committed 169552K, reserved 665600K
  class space    used 19719K, capacity 21933K, committed 22016K, reserved 516096K
}
Event: 1308.649 GC heap after
{Heap after GC invocations=287 (full 0):
 garbage-first heap   total 382976K, used 266726K [0x0000000080000000, 0x0000000100000000)
  region size 1024K, 6 young (6144K), 6 survivors (6144K)
 Metaspace       used 163183K, capacity 169218K, committed 169552K, reserved 665600K
  class space    used 19719K, capacity 21933K, committed 22016K, reserved 516096K
}
Event: 1316.248 GC heap before
{Heap before GC invocations=287 (full 0):
 garbage-first heap   total 382976K, used 316902K [0x0000000080000000, 0x0000000100000000)
  region size 1024K, 56 young (57344K), 6 survivors (6144K)
 Metaspace       used 163386K, capacity 169447K, committed 169552K, reserved 665600K
  class space    used 19741K, capacity 21941K, committed 22016K, reserved 516096K
}
Event: 1316.283 GC heap after
{Heap after GC invocations=288 (full 0):
 garbage-first heap   total 382976K, used 267744K [0x0000000080000000, 0x0000000100000000)
  region size 1024K, 4 young (4096K), 4 survivors (4096K)
 Metaspace       used 163386K, capacity 169447K, committed 169552K, reserved 665600K
  class space    used 19741K, capacity 21941K, committed 22016K, reserved 516096K
}
Event: 1317.812 GC heap before
{Heap before GC invocations=288 (full 0):
 garbage-first heap   total 382976K, used 319968K [0x0000000080000000, 0x0000000100000000)
  region size 1024K, 55 young (56320K), 4 survivors (4096K)
 Metaspace       used 163395K, capacity 169452K, committed 169552K, reserved 665600K
  class space    used 19742K, capacity 21943K, committed 22016K, reserved 516096K
}
Event: 1317.826 GC heap after
{Heap after GC invocations=289 (full 0):
 garbage-first heap   total 382976K, used 266080K [0x0000000080000000, 0x0000000100000000)
  region size 1024K, 3 young (3072K), 3 survivors (3072K)
 Metaspace       used 163395K, capacity 169452K, committed 169552K, reserved 665600K
  class space    used 19742K, capacity 21943K, committed 22016K, reserved 516096K
}
Event: 1318.608 GC heap before
{Heap before GC invocations=289 (full 0):
 garbage-first heap   total 382976K, used 321376K [0x0000000080000000, 0x0000000100000000)
  region size 1024K, 57 young (58368K), 3 survivors (3072K)
 Metaspace       used 163405K, capacity 169452K, committed 169552K, reserved 665600K
  class space    used 19742K, capacity 21943K, committed 22016K, reserved 516096K
}
Event: 1318.622 GC heap after
{Heap after GC invocations=290 (full 0):
 garbage-first heap   total 382976K, used 266196K [0x0000000080000000, 0x0000000100000000)
  region size 1024K, 3 young (3072K), 3 survivors (3072K)
 Metaspace       used 163405K, capacity 169452K, committed 169552K, reserved 665600K
  class space    used 19742K, capacity 21943K, committed 22016K, reserved 516096K
}
Event: 1325.163 GC heap before
{Heap before GC invocations=290 (full 0):
 garbage-first heap   total 382976K, used 327636K [0x0000000080000000, 0x0000000100000000)
  region size 1024K, 61 young (62464K), 3 survivors (3072K)
 Metaspace       used 170163K, capacity 176474K, committed 176720K, reserved 671744K
  class space    used 20677K, capacity 23000K, committed 23040K, reserved 516096K
}
Event: 1325.210 GC heap after
{Heap after GC invocations=291 (full 0):
 garbage-first heap   total 382976K, used 272864K [0x0000000080000000, 0x0000000100000000)
  region size 1024K, 7 young (7168K), 7 survivors (7168K)
 Metaspace       used 170163K, capacity 176474K, committed 176720K, reserved 671744K
  class space    used 20677K, capacity 23000K, committed 23040K, reserved 516096K
}
Event: 1332.887 GC heap before
{Heap before GC invocations=291 (full 0):
 garbage-first heap   total 382976K, used 331232K [0x0000000080000000, 0x0000000100000000)
  region size 1024K, 60 young (61440K), 7 survivors (7168K)
 Metaspace       used 175237K, capacity 181833K, committed 181968K, reserved 675840K
  class space    used 21402K, capacity 23860K, committed 23936K, reserved 516096K
}
Event: 1332.931 GC heap after
{Heap after GC invocations=292 (full 0):
 garbage-first heap   total 382976K, used 273538K [0x0000000080000000, 0x0000000100000000)
  region size 1024K, 3 young (3072K), 3 survivors (3072K)
 Metaspace       used 175237K, capacity 181833K, committed 181968K, reserved 675840K
  class space    used 21402K, capacity 23860K, committed 23936K, reserved 516096K
}
Event: 1339.571 GC heap before
{Heap before GC invocations=292 (full 0):
 garbage-first heap   total 382976K, used 327810K [0x0000000080000000, 0x0000000100000000)
  region size 1024K, 56 young (57344K), 3 survivors (3072K)
 Metaspace       used 176561K, capacity 183193K, committed 183376K, reserved 675840K
  class space    used 21486K, capacity 23960K, committed 24064K, reserved 516096K
}
Event: 1339.618 GC heap after
{Heap after GC invocations=293 (full 0):
 garbage-first heap   total 382976K, used 280183K [0x0000000080000000, 0x0000000100000000)
  region size 1024K, 7 young (7168K), 7 survivors (7168K)
 Metaspace       used 176561K, capacity 183193K, committed 183376K, reserved 675840K
  class space    used 21486K, capacity 23960K, committed 24064K, reserved 516096K
}
Event: 1343.746 GC heap before
{Heap before GC invocations=293 (full 0):
 garbage-first heap   total 382976K, used 329335K [0x0000000080000000, 0x0000000100000000)
  region size 1024K, 55 young (56320K), 7 survivors (7168K)
 Metaspace       used 176926K, capacity 183581K, committed 183888K, reserved 677888K
  class space    used 21526K, capacity 24001K, committed 24064K, reserved 516096K
}
Event: 1343.780 GC heap after
{Heap after GC invocations=294 (full 0):
 garbage-first heap   total 382976K, used 280317K [0x0000000080000000, 0x0000000100000000)
  region size 1024K, 1 young (1024K), 1 survivors (1024K)
 Metaspace       used 176926K, capacity 183581K, committed 183888K, reserved 677888K
  class space    used 21526K, capacity 24001K, committed 24064K, reserved 516096K
}
Event: 1347.979 GC heap before
{Heap before GC invocations=294 (full 0):
 garbage-first heap   total 382976K, used 329469K [0x0000000080000000, 0x0000000100000000)
  region size 1024K, 49 young (50176K), 1 survivors (1024K)
 Metaspace       used 177198K, capacity 183944K, committed 184144K, reserved 677888K
  class space    used 21532K, capacity 24009K, committed 24064K, reserved 516096K
}
Event: 1347.993 GC heap after
{Heap after GC invocations=295 (full 0):
 garbage-first heap   total 382976K, used 280513K [0x0000000080000000, 0x0000000100000000)
  region size 1024K, 2 young (2048K), 2 survivors (2048K)
 Metaspace       used 177198K, capacity 183944K, committed 184144K, reserved 677888K
  class space    used 21532K, capacity 24009K, committed 24064K, reserved 516096K
}
Event: 1353.063 GC heap before
{Heap before GC invocations=295 (full 0):
 garbage-first heap   total 382976K, used 330689K [0x0000000080000000, 0x0000000100000000)
  region size 1024K, 51 young (52224K), 2 survivors (2048K)
 Metaspace       used 177365K, capacity 184126K, committed 184144K, reserved 677888K
  class space    used 21552K, capacity 24047K, committed 24064K, reserved 516096K
}
Event: 1353.090 GC heap after
{Heap after GC invocations=296 (full 0):
 garbage-first heap   total 382976K, used 280951K [0x0000000080000000, 0x0000000100000000)
  region size 1024K, 2 young (2048K), 2 survivors (2048K)
 Metaspace       used 177365K, capacity 184126K, committed 184144K, reserved 677888K
  class space    used 21552K, capacity 24047K, committed 24064K, reserved 516096K
}

