# JRE version: OpenJDK Runtime Environment 18.9 (11.0.15+10) (build 11.0.15+10)
# Java VM: OpenJDK 64-Bit Server VM 18.9 (11.0.15+10, mixed mode, tiered, compressed oops, g1 gc, windows-amd64)
Heap:
 garbage-first heap   total 334848K, used 242435K [0x0000000080000000, 0x0000000100000000)
  region size 1024K, 2 young (2048K), 2 survivors (2048K)
 Metaspace       used 133511K, capacity 138667K, committed 138888K, reserved 636928K
  class space    used 17001K, capacity 18973K, committed 19072K, reserved 516096K
GC Heap History (20 events):
Event: 429.036 GC heap after
{Heap after GC invocations=190 (full 0):
 garbage-first heap   total 278528K, used 241542K [0x0000000080000000, 0x0000000100000000)
  region size 1024K, 2 young (2048K), 2 survivors (2048K)
 Metaspace       used 133511K, capacity 138667K, committed 138888K, reserved 636928K
  class space    used 17001K, capacity 18973K, committed 19072K, reserved 516096K
}
Event: 429.972 GC heap before
{Heap before GC invocations=190 (full 0):
 garbage-first heap   total 278528K, used 252806K [0x0000000080000000, 0x0000000100000000)
  region size 1024K, 13 young (13312K), 2 survivors (2048K)
 Metaspace       used 133511K, capacity 138667K, committed 138888K, reserved 636928K
  class space    used 17001K, capacity 18973K, committed 19072K, reserved 516096K
}
Event: 429.984 GC heap after
{Heap after GC invocations=191 (full 0):
 garbage-first heap   total 278528K, used 241711K [0x0000000080000000, 0x0000000100000000)
  region size 1024K, 2 young (2048K), 2 survivors (2048K)
 Metaspace       used 133511K, capacity 138667K, committed 138888K, reserved 636928K
  class space    used 17001K, capacity 18973K, committed 19072K, reserved 516096K
}
Event: 430.229 GC heap before
{Heap before GC invocations=191 (full 0):
 garbage-first heap   total 278528K, used 252975K [0x0000000080000000, 0x0000000100000000)
  region size 1024K, 13 young (13312K), 2 survivors (2048K)
 Metaspace       used 133511K, capacity 138667K, committed 138888K, reserved 636928K
  class space    used 17001K, capacity 18973K, committed 19072K, reserved 516096K
}
Event: 430.242 GC heap after
{Heap after GC invocations=192 (full 0):
 garbage-first heap   total 278528K, used 241697K [0x0000000080000000, 0x0000000100000000)
  region size 1024K, 2 young (2048K), 2 survivors (2048K)
 Metaspace       used 133511K, capacity 138667K, committed 138888K, reserved 636928K
  class space    used 17001K, capacity 18973K, committed 19072K, reserved 516096K
}
Event: 430.599 GC heap before
{Heap before GC invocations=192 (full 0):
 garbage-first heap   total 278528K, used 252961K [0x0000000080000000, 0x0000000100000000)
  region size 1024K, 13 young (13312K), 2 survivors (2048K)
 Metaspace       used 133511K, capacity 138667K, committed 138888K, reserved 636928K
  class space    used 17001K, capacity 18973K, committed 19072K, reserved 516096K
}
Event: 430.610 GC heap after
{Heap after GC invocations=193 (full 0):
 garbage-first heap   total 278528K, used 241888K [0x0000000080000000, 0x0000000100000000)
  region size 1024K, 2 young (2048K), 2 survivors (2048K)
 Metaspace       used 133511K, capacity 138667K, committed 138888K, reserved 636928K
  class space    used 17001K, capacity 18973K, committed 19072K, reserved 516096K
}
Event: 430.908 GC heap before
{Heap before GC invocations=193 (full 0):
 garbage-first heap   total 278528K, used 253152K [0x0000000080000000, 0x0000000100000000)
  region size 1024K, 13 young (13312K), 2 survivors (2048K)
 Metaspace       used 133511K, capacity 138667K, committed 138888K, reserved 636928K
  class space    used 17001K, capacity 18973K, committed 19072K, reserved 516096K
}
Event: 430.919 GC heap after
{Heap after GC invocations=194 (full 0):
 garbage-first heap   total 278528K, used 241976K [0x0000000080000000, 0x0000000100000000)
  region size 1024K, 2 young (2048K), 2 survivors (2048K)
 Metaspace       used 133511K, capacity 138667K, committed 138888K, reserved 636928K
  class space    used 17001K, capacity 18973K, committed 19072K, reserved 516096K
}
Event: 431.664 GC heap before
{Heap before GC invocations=194 (full 0):
 garbage-first heap   total 278528K, used 253240K [0x0000000080000000, 0x0000000100000000)
  region size 1024K, 13 young (13312K), 2 survivors (2048K)
 Metaspace       used 133511K, capacity 138667K, committed 138888K, reserved 636928K
  class space    used 17001K, capacity 18973K, committed 19072K, reserved 516096K
}
Event: 431.677 GC heap after
{Heap after GC invocations=195 (full 0):
 garbage-first heap   total 278528K, used 242019K [0x0000000080000000, 0x0000000100000000)
  region size 1024K, 2 young (2048K), 2 survivors (2048K)
 Metaspace       used 133511K, capacity 138667K, committed 138888K, reserved 636928K
  class space    used 17001K, capacity 18973K, committed 19072K, reserved 516096K
}
Event: 432.228 GC heap before
{Heap before GC invocations=195 (full 0):
 garbage-first heap   total 278528K, used 253283K [0x0000000080000000, 0x0000000100000000)
  region size 1024K, 13 young (13312K), 2 survivors (2048K)
 Metaspace       used 133511K, capacity 138667K, committed 138888K, reserved 636928K
  class space    used 17001K, capacity 18973K, committed 19072K, reserved 516096K
}
Event: 432.243 GC heap after
{Heap after GC invocations=196 (full 0):
 garbage-first heap   total 278528K, used 242210K [0x0000000080000000, 0x0000000100000000)
  region size 1024K, 2 young (2048K), 2 survivors (2048K)
 Metaspace       used 133511K, capacity 138667K, committed 138888K, reserved 636928K
  class space    used 17001K, capacity 18973K, committed 19072K, reserved 516096K
}
Event: 433.164 GC heap before
{Heap before GC invocations=196 (full 0):
 garbage-first heap   total 278528K, used 253474K [0x0000000080000000, 0x0000000100000000)
  region size 1024K, 13 young (13312K), 2 survivors (2048K)
 Metaspace       used 133511K, capacity 138667K, committed 138888K, reserved 636928K
  class space    used 17001K, capacity 18973K, committed 19072K, reserved 516096K
}
Event: 433.175 GC heap after
{Heap after GC invocations=197 (full 0):
 garbage-first heap   total 278528K, used 242144K [0x0000000080000000, 0x0000000100000000)
  region size 1024K, 1 young (1024K), 1 survivors (1024K)
 Metaspace       used 133511K, capacity 138667K, committed 138888K, reserved 636928K
  class space    used 17001K, capacity 18973K, committed 19072K, reserved 516096K
}
Event: 433.658 GC heap before
{Heap before GC invocations=197 (full 0):
 garbage-first heap   total 278528K, used 254432K [0x0000000080000000, 0x0000000100000000)
  region size 1024K, 13 young (13312K), 1 survivors (1024K)
 Metaspace       used 133511K, capacity 138667K, committed 138888K, reserved 636928K
  class space    used 17001K, capacity 18973K, committed 19072K, reserved 516096K
}
Event: 433.670 GC heap after
{Heap after GC invocations=198 (full 0):
 garbage-first heap   total 278528K, used 242246K [0x0000000080000000, 0x0000000100000000)
  region size 1024K, 2 young (2048K), 2 survivors (2048K)
 Metaspace       used 133511K, capacity 138667K, committed 138888K, reserved 636928K
  class space    used 17001K, capacity 18973K, committed 19072K, reserved 516096K
}
Event: 434.151 GC heap before
{Heap before GC invocations=198 (full 0):
 garbage-first heap   total 278528K, used 253510K [0x0000000080000000, 0x0000000100000000)
  region size 1024K, 13 young (13312K), 2 survivors (2048K)
 Metaspace       used 133511K, capacity 138667K, committed 138888K, reserved 636928K
  class space    used 17001K, capacity 18973K, committed 19072K, reserved 516096K
}
Event: 434.162 GC heap after
{Heap after GC invocations=199 (full 0):
 garbage-first heap   total 278528K, used 242354K [0x0000000080000000, 0x0000000100000000)
  region size 1024K, 2 young (2048K), 2 survivors (2048K)
 Metaspace       used 133511K, capacity 138667K, committed 138888K, reserved 636928K
  class space    used 17001K, capacity 18973K, committed 19072K, reserved 516096K
}
Event: 435.131 GC heap before
{Heap before GC invocations=199 (full 0):
 garbage-first heap   total 278528K, used 253618K [0x0000000080000000, 0x0000000100000000)
  region size 1024K, 13 young (13312K), 2 survivors (2048K)
 Metaspace       used 133511K, capacity 138667K, committed 138888K, reserved 636928K
  class space    used 17001K, capacity 18973K, committed 19072K, reserved 516096K
}

