# JRE version: OpenJDK Runtime Environment 18.9 (11.0.15+10) (build 11.0.15+10)
# Java VM: OpenJDK 64-Bit Server VM 18.9 (11.0.15+10, mixed mode, tiered, compressed oops, g1 gc, windows-amd64)
Heap:
 garbage-first heap   total 63488K, used 22488K [0x0000000080000000, 0x0000000100000000)
  region size 1024K, 7 young (7168K), 2 survivors (2048K)
 Metaspace       used 23111K, capacity 23677K, committed 23856K, reserved 538624K
  class space    used 2874K, capacity 3073K, committed 3200K, reserved 516096K
GC Heap History (16 events):
Event: 2.342 GC heap before
{Heap before GC invocations=0 (full 0):
 garbage-first heap   total 63488K, used 6144K [0x0000000080000000, 0x0000000100000000)
  region size 1024K, 7 young (7168K), 0 survivors (0K)
 Metaspace       used 6169K, capacity 6325K, committed 6528K, reserved 524288K
  class space    used 527K, capacity 578K, committed 640K, reserved 516096K
}
Event: 2.349 GC heap after
{Heap after GC invocations=1 (full 0):
 garbage-first heap   total 63488K, used 1417K [0x0000000080000000, 0x0000000100000000)
  region size 1024K, 1 young (1024K), 1 survivors (1024K)
 Metaspace       used 6169K, capacity 6325K, committed 6528K, reserved 524288K
  class space    used 527K, capacity 578K, committed 640K, reserved 516096K
}
Event: 5.337 GC heap before
{Heap before GC invocations=1 (full 0):
 garbage-first heap   total 63488K, used 44425K [0x0000000080000000, 0x0000000100000000)
  region size 1024K, 37 young (37888K), 1 survivors (1024K)
 Metaspace       used 10919K, capacity 11137K, committed 11264K, reserved 526336K
  class space    used 1111K, capacity 1207K, committed 1280K, reserved 516096K
}
Event: 5.351 GC heap after
{Heap after GC invocations=2 (full 0):
 garbage-first heap   total 63488K, used 10404K [0x0000000080000000, 0x0000000100000000)
  region size 1024K, 5 young (5120K), 5 survivors (5120K)
 Metaspace       used 10919K, capacity 11137K, committed 11264K, reserved 526336K
  class space    used 1111K, capacity 1207K, committed 1280K, reserved 516096K
}
Event: 5.539 GC heap before
{Heap before GC invocations=2 (full 0):
 garbage-first heap   total 63488K, used 15524K [0x0000000080000000, 0x0000000100000000)
  region size 1024K, 10 young (10240K), 5 survivors (5120K)
 Metaspace       used 10930K, capacity 11137K, committed 11264K, reserved 526336K
  class space    used 1113K, capacity 1207K, committed 1280K, reserved 516096K
}
Event: 5.546 GC heap after
{Heap after GC invocations=3 (full 0):
 garbage-first heap   total 63488K, used 10067K [0x0000000080000000, 0x0000000100000000)
  region size 1024K, 1 young (1024K), 1 survivors (1024K)
 Metaspace       used 10930K, capacity 11137K, committed 11264K, reserved 526336K
  class space    used 1113K, capacity 1207K, committed 1280K, reserved 516096K
}
Event: 6.645 GC heap before
{Heap before GC invocations=3 (full 0):
 garbage-first heap   total 63488K, used 30547K [0x0000000080000000, 0x0000000100000000)
  region size 1024K, 21 young (21504K), 1 survivors (1024K)
 Metaspace       used 11380K, capacity 11577K, committed 11904K, reserved 528384K
  class space    used 1209K, capacity 1311K, committed 1408K, reserved 516096K
}
Event: 6.653 GC heap after
{Heap after GC invocations=4 (full 0):
 garbage-first heap   total 63488K, used 14209K [0x0000000080000000, 0x0000000100000000)
  region size 1024K, 3 young (3072K), 3 survivors (3072K)
 Metaspace       used 11380K, capacity 11577K, committed 11904K, reserved 528384K
  class space    used 1209K, capacity 1311K, committed 1408K, reserved 516096K
}
Event: 9.852 GC heap before
{Heap before GC invocations=4 (full 0):
 garbage-first heap   total 63488K, used 35713K [0x0000000080000000, 0x0000000100000000)
  region size 1024K, 24 young (24576K), 3 survivors (3072K)
 Metaspace       used 17677K, capacity 18064K, committed 18304K, reserved 532480K
  class space    used 2045K, capacity 2176K, committed 2176K, reserved 516096K
}
Event: 9.865 GC heap after
{Heap after GC invocations=5 (full 0):
 garbage-first heap   total 63488K, used 16773K [0x0000000080000000, 0x0000000100000000)
  region size 1024K, 3 young (3072K), 3 survivors (3072K)
 Metaspace       used 17677K, capacity 18064K, committed 18304K, reserved 532480K
  class space    used 2045K, capacity 2176K, committed 2176K, reserved 516096K
}
Event: 10.808 GC heap before
{Heap before GC invocations=5 (full 0):
 garbage-first heap   total 63488K, used 37253K [0x0000000080000000, 0x0000000100000000)
  region size 1024K, 24 young (24576K), 3 survivors (3072K)
 Metaspace       used 20302K, capacity 20717K, committed 20736K, reserved 534528K
  class space    used 2421K, capacity 2551K, committed 2560K, reserved 516096K
}
Event: 10.820 GC heap after
{Heap after GC invocations=6 (full 0):
 garbage-first heap   total 63488K, used 17557K [0x0000000080000000, 0x0000000100000000)
  region size 1024K, 1 young (1024K), 1 survivors (1024K)
 Metaspace       used 20302K, capacity 20717K, committed 20736K, reserved 534528K
  class space    used 2421K, capacity 2551K, committed 2560K, reserved 516096K
}
Event: 11.011 GC heap before
{Heap before GC invocations=6 (full 0):
 garbage-first heap   total 63488K, used 19605K [0x0000000080000000, 0x0000000100000000)
  region size 1024K, 4 young (4096K), 1 survivors (1024K)
 Metaspace       used 20723K, capacity 21125K, committed 21296K, reserved 536576K
  class space    used 2472K, capacity 2626K, committed 2688K, reserved 516096K
}
Event: 11.018 GC heap after
{Heap after GC invocations=7 (full 0):
 garbage-first heap   total 63488K, used 17808K [0x0000000080000000, 0x0000000100000000)
  region size 1024K, 1 young (1024K), 1 survivors (1024K)
 Metaspace       used 20723K, capacity 21125K, committed 21296K, reserved 536576K
  class space    used 2472K, capacity 2626K, committed 2688K, reserved 516096K
}
Event: 12.010 GC heap before
{Heap before GC invocations=8 (full 0):
 garbage-first heap   total 63488K, used 37264K [0x0000000080000000, 0x0000000100000000)
  region size 1024K, 20 young (20480K), 1 survivors (1024K)
 Metaspace       used 22527K, capacity 23066K, committed 23216K, reserved 536576K
  class space    used 2797K, capacity 2999K, committed 3072K, reserved 516096K
}
Event: 12.018 GC heap after
{Heap after GC invocations=9 (full 0):
 garbage-first heap   total 63488K, used 18392K [0x0000000080000000, 0x0000000100000000)
  region size 1024K, 2 young (2048K), 2 survivors (2048K)
 Metaspace       used 22527K, capacity 23066K, committed 23216K, reserved 536576K
  class space    used 2797K, capacity 2999K, committed 3072K, reserved 516096K
}

